Using pre-set license
Built from '2020.3/staging' branch; Version is '2020.3.9f1 (108be757e447) revision 1084391'; Using compiler version '192528614'; Build Type 'Release'
OS: 'Windows 10 Home; OS build 19041.1052; Version 2004; 64bit' Language: 'en' Physical Memory: 16317 MB
BatchMode: 1, IsHumanControllingUs: 0, StartBugReporterOnCrash: 0, Is64bit: 1, IsPro: 0

 COMMAND LINE ARGUMENTS:
C:\Program Files\Unity\Hub\Editor\2020.3.9f1\Editor\Unity.exe
-adb2
-batchMode
-noUpm
-name
AssetImportWorker0
-projectPath
D:/Projects/TidyTides/Tidy Tides
-logFile
Logs/AssetImportWorker0.log
-srvPort
53974
Successfully changed project path to: D:/Projects/TidyTides/Tidy Tides
D:/Projects/TidyTides/Tidy Tides
Using Asset Import Pipeline V2.
Refreshing native plugins compatible for Editor in 24.59 ms, found 0 plugins.
Preloading 0 native plugins for Editor in 0.00 ms.
Initialize engine version: 2020.3.9f1 (108be757e447)
[Subsystems] Discovering subsystems at path C:/Program Files/Unity/Hub/Editor/2020.3.9f1/Editor/Data/Resources/UnitySubsystems
[Subsystems] Discovering subsystems at path D:/Projects/TidyTides/Tidy Tides/Assets
GfxDevice: creating device client; threaded=0
Direct3D:
    Version:  Direct3D 11.0 [level 11.1]
    Renderer: NVIDIA GeForce GTX 1060 6GB (ID=0x1c03)
    Vendor:   
    VRAM:     6052 MB
    Driver:   27.21.14.6089
Initialize mono
Mono path[0] = 'C:/Program Files/Unity/Hub/Editor/2020.3.9f1/Editor/Data/Managed'
Mono path[1] = 'C:/Program Files/Unity/Hub/Editor/2020.3.9f1/Editor/Data/MonoBleedingEdge/lib/mono/unityjit'
Mono config path = 'C:/Program Files/Unity/Hub/Editor/2020.3.9f1/Editor/Data/MonoBleedingEdge/etc'
Using monoOptions --debugger-agent=transport=dt_socket,embedding=1,server=y,suspend=n,address=127.0.0.1:56632
Begin MonoManager ReloadAssembly
Registering precompiled unity dll's ...
Register platform support module: C:/Program Files/Unity/Hub/Editor/2020.3.9f1/Editor/Data/PlaybackEngines/WindowsStandaloneSupport/UnityEditor.WindowsStandalone.Extensions.dll
Registered in 0.002045 seconds.
Native extension for WindowsStandalone target not found
Refreshing native plugins compatible for Editor in 22.19 ms, found 0 plugins.
Preloading 0 native plugins for Editor in 0.00 ms.
Mono: successfully reloaded assembly
- Completed reload, in  1.185 seconds
Platform modules already initialized, skipping
Registering precompiled user dll's ...
Registered in 0.000531 seconds.
Begin MonoManager ReloadAssembly
Native extension for WindowsStandalone target not found
Refreshing native plugins compatible for Editor in 0.18 ms, found 0 plugins.
Preloading 0 native plugins for Editor in 0.00 ms.
Mono: successfully reloaded assembly
- Completed reload, in  0.891 seconds
Platform modules already initialized, skipping
========================================================================
Worker process is ready to serve import requests
Launched and connected shader compiler UnityShaderCompiler.exe after 0.05 seconds
Refreshing native plugins compatible for Editor in 0.21 ms, found 0 plugins.
Preloading 0 native plugins for Editor in 0.00 ms.
Unloading 1115 Unused Serialized files (Serialized files now loaded: 0)
System memory in use before: 57.1 MB.
System memory in use after: 57.1 MB.

Unloading 10 unused Assets to reduce memory usage. Loaded Objects now: 1557.
Total: 1.476600 ms (FindLiveObjects: 0.116400 ms CreateObjectMapping: 0.033100 ms MarkObjects: 1.241600 ms  DeleteObjects: 0.084800 ms)

========================================================================
Received Import Request.
  path: Assets/Scenes
  artifactKey: Guid(dbc02614c189c3749bb3c4849c4c6197) Importer(815301076,1909f56bfc062723c751e8b465ee728b)
Start importing Assets/Scenes using Guid(dbc02614c189c3749bb3c4849c4c6197) Importer(815301076,1909f56bfc062723c751e8b465ee728b)  -> (artifact id: '65cee034d04f15ff879bfb1abf9f3df8') in 0.010833 seconds
  Import took 0.013230 seconds .

========================================================================
Received Import Request.
  Time since last request: 6.593531 seconds.
  path: Assets/Scenes/Hayden J.unity
  artifactKey: Guid(4a7ecc636fe49be4b8375ab5f2889d32) Importer(815301076,1909f56bfc062723c751e8b465ee728b)
Start importing Assets/Scenes/Hayden J.unity using Guid(4a7ecc636fe49be4b8375ab5f2889d32) Importer(815301076,1909f56bfc062723c751e8b465ee728b)  -> (artifact id: 'f9b72b3ee0ba4a03e1ddc1dff3d0ee41') in 0.017222 seconds
  Import took 0.018902 seconds .

========================================================================
Received Import Request.
  Time since last request: 6.377888 seconds.
  path: Assets/Scenes/Max.unity
  artifactKey: Guid(da75213b0170c42488721751285f91eb) Importer(815301076,1909f56bfc062723c751e8b465ee728b)
Start importing Assets/Scenes/Max.unity using Guid(da75213b0170c42488721751285f91eb) Importer(815301076,1909f56bfc062723c751e8b465ee728b)  -> (artifact id: 'be06c330d3d1c40d552ae0d45a247334') in 0.006548 seconds
  Import took 0.009409 seconds .

========================================================================
Received Import Request.
  Time since last request: 0.000367 seconds.
  path: Assets/Scenes/Max.unity
  artifactKey: Guid(da75213b0170c42488721751285f91eb) Importer(815301076,1909f56bfc062723c751e8b465ee728b)
Start importing Assets/Scenes/Max.unity using Guid(da75213b0170c42488721751285f91eb) Importer(815301076,1909f56bfc062723c751e8b465ee728b)  -> (artifact id: 'be06c330d3d1c40d552ae0d45a247334') in 0.003158 seconds
  Import took 0.008282 seconds .

========================================================================
Received Import Request.
  Time since last request: 8.079348 seconds.
  path: Assets/Scenes/Daniella.unity
  artifactKey: Guid(01d563340d482a74eba7a39be4ace3ee) Importer(815301076,1909f56bfc062723c751e8b465ee728b)
Start importing Assets/Scenes/Daniella.unity using Guid(01d563340d482a74eba7a39be4ace3ee) Importer(815301076,1909f56bfc062723c751e8b465ee728b)  -> (artifact id: '4983fc9f0537798f0fe110f6ef0c17b5') in 0.007794 seconds
  Import took 0.009981 seconds .

========================================================================
Received Import Request.
  Time since last request: 0.000327 seconds.
  path: Assets/Scenes/Daniella.unity
  artifactKey: Guid(01d563340d482a74eba7a39be4ace3ee) Importer(815301076,1909f56bfc062723c751e8b465ee728b)
Start importing Assets/Scenes/Daniella.unity using Guid(01d563340d482a74eba7a39be4ace3ee) Importer(815301076,1909f56bfc062723c751e8b465ee728b)  -> (artifact id: '4983fc9f0537798f0fe110f6ef0c17b5') in 0.002014 seconds
  Import took 0.003625 seconds .

========================================================================
Received Import Request.
  Time since last request: 10.397205 seconds.
  path: Assets/Scenes/Mohammad.unity
  artifactKey: Guid(65cee13a8ed2e4f49ba30d55e3ccf9fa) Importer(815301076,1909f56bfc062723c751e8b465ee728b)
Start importing Assets/Scenes/Mohammad.unity using Guid(65cee13a8ed2e4f49ba30d55e3ccf9fa) Importer(815301076,1909f56bfc062723c751e8b465ee728b)  -> (artifact id: '984aa0afb126d539e0b79fd4afbaca7a') in 0.007125 seconds
  Import took 0.009152 seconds .

========================================================================
Received Import Request.
  Time since last request: 0.006782 seconds.
  path: Assets/Scenes/Mohammad.unity
  artifactKey: Guid(65cee13a8ed2e4f49ba30d55e3ccf9fa) Importer(815301076,1909f56bfc062723c751e8b465ee728b)
Start importing Assets/Scenes/Mohammad.unity using Guid(65cee13a8ed2e4f49ba30d55e3ccf9fa) Importer(815301076,1909f56bfc062723c751e8b465ee728b)  -> (artifact id: '984aa0afb126d539e0b79fd4afbaca7a') in 0.002292 seconds
  Import took 0.005210 seconds .

========================================================================
Received Import Request.
  Time since last request: 9.181480 seconds.
  path: Assets/Scenes/Hayden L.unity
  artifactKey: Guid(ba63a053996de6042a01dc341c482db3) Importer(815301076,1909f56bfc062723c751e8b465ee728b)
Start importing Assets/Scenes/Hayden L.unity using Guid(ba63a053996de6042a01dc341c482db3) Importer(815301076,1909f56bfc062723c751e8b465ee728b)  -> (artifact id: '667ce1bb9155f27c88d39f5558cf8926') in 0.010125 seconds
  Import took 0.015270 seconds .

AssetImportWorkerClient::OnTransportError - code=2 error=End of file
